2026-03-05 19:44:59.504 | INFO     | app.main:startup:56 - AI Service 启动中... 端口: 8089
2026-03-05 19:44:59.504 | INFO     | app.tools.base:register:29 - 工具注册成功: 获取当前时间 (get_time)
2026-03-05 19:44:59.504 | INFO     | app.tools.base:register:29 - 工具注册成功: 联网搜索 (web_search)
2026-03-05 19:44:59.504 | INFO     | app.tools.builtin_tools:register_builtin_tools:79 - 内置工具注册完成: 获取当前时间, 联网搜索
2026-03-05 19:44:59.554 | INFO     | app.services.redis_service:get_redis_client:27 - Redis连接成功: localhost:6379/8
2026-03-05 19:44:59.572 | INFO     | app.main:startup:66 - Redis连接成功
2026-03-05 19:44:59.572 | INFO     | app.main:startup:70 - AI Service 启动完成
2026-03-05 19:49:01.661 | WARNING  | app.services.memory_service:_init_milvus:61 - Milvus初始化失败(服务降级运行): No module named 'pymilvus'
2026-03-05 19:49:02.181 | WARNING  | app.services.memory_service:_init_milvus:61 - Milvus初始化失败(服务降级运行): No module named 'pymilvus'
2026-03-05 19:49:02.693 | WARNING  | app.services.memory_service:_init_milvus:61 - Milvus初始化失败(服务降级运行): No module named 'pymilvus'
2026-03-05 19:49:05.222 | WARNING  | app.services.memory_service:_init_milvus:61 - Milvus初始化失败(服务降级运行): No module named 'pymilvus'
2026-03-05 19:49:05.223 | WARNING  | app.services.memory_service:_init_milvus:61 - Milvus初始化失败(服务降级运行): No module named 'pymilvus'
2026-03-05 19:49:05.409 | ERROR    | app.services.agent_service:chat:363 - AI Gateway调用失败: AI Gateway错误: 系统异常，请稍后重试
2026-03-05 19:49:05.415 | WARNING  | app.services.memory_service:_init_milvus:61 - Milvus初始化失败(服务降级运行): No module named 'pymilvus'
2026-03-05 19:49:06.422 | WARNING  | app.services.memory_service:_init_milvus:61 - Milvus初始化失败(服务降级运行): No module named 'pymilvus'
2026-03-05 19:49:06.422 | WARNING  | app.services.memory_service:_init_milvus:61 - Milvus初始化失败(服务降级运行): No module named 'pymilvus'
2026-03-05 19:49:06.617 | ERROR    | app.services.agent_service:chat:363 - AI Gateway调用失败: AI Gateway错误: 系统异常，请稍后重试
2026-03-05 19:49:06.622 | WARNING  | app.services.memory_service:_init_milvus:61 - Milvus初始化失败(服务降级运行): No module named 'pymilvus'
2026-03-05 19:49:07.628 | WARNING  | app.services.memory_service:_init_milvus:61 - Milvus初始化失败(服务降级运行): No module named 'pymilvus'
2026-03-05 19:49:07.628 | WARNING  | app.services.memory_service:_init_milvus:61 - Milvus初始化失败(服务降级运行): No module named 'pymilvus'
2026-03-05 19:49:07.847 | ERROR    | app.services.agent_service:chat:363 - AI Gateway调用失败: AI Gateway错误: 系统异常，请稍后重试
2026-03-05 19:49:07.853 | WARNING  | app.services.memory_service:_init_milvus:61 - Milvus初始化失败(服务降级运行): No module named 'pymilvus'
2026-03-05 19:49:15.444 | WARNING  | app.services.memory_service:_init_milvus:61 - Milvus初始化失败(服务降级运行): No module named 'pymilvus'
2026-03-05 19:49:16.451 | WARNING  | app.services.memory_service:_init_milvus:61 - Milvus初始化失败(服务降级运行): No module named 'pymilvus'
2026-03-05 19:49:17.466 | WARNING  | app.services.memory_service:_init_milvus:61 - Milvus初始化失败(服务降级运行): No module named 'pymilvus'
2026-03-05 19:51:11.310 | INFO     | app.main:shutdown:76 - AI Service 关闭中...
