2026-03-05 19:36:11.131 | INFO     | app.main:startup:56 - AI Service 启动中... 端口: 8089
2026-03-05 19:36:11.136 | INFO     | app.tools.base:register:29 - 工具注册成功: 获取当前时间 (get_time)
2026-03-05 19:36:11.136 | INFO     | app.tools.base:register:29 - 工具注册成功: 联网搜索 (web_search)
2026-03-05 19:36:11.136 | INFO     | app.tools.builtin_tools:register_builtin_tools:79 - 内置工具注册完成: 获取当前时间, 联网搜索
2026-03-05 19:36:11.192 | INFO     | app.services.redis_service:get_redis_client:27 - Redis连接成功: localhost:6379/8
2026-03-05 19:36:11.213 | INFO     | app.main:startup:66 - Redis连接成功
2026-03-05 19:36:11.218 | INFO     | app.main:startup:70 - AI Service 启动完成
2026-03-05 19:42:58.872 | ERROR    | app.services.agent_service:get_speaking_assessment:734 - 口语评估失败: keys must be str, int, float, bool or None, not AssessmentDimension
2026-03-05 19:42:59.383 | ERROR    | app.services.agent_service:get_speaking_assessment:734 - 口语评估失败: keys must be str, int, float, bool or None, not AssessmentDimension
2026-03-05 19:42:59.896 | ERROR    | app.services.agent_service:get_speaking_assessment:734 - 口语评估失败: keys must be str, int, float, bool or None, not AssessmentDimension
2026-03-05 19:43:02.449 | WARNING  | app.services.memory_service:_init_milvus:61 - Milvus初始化失败(服务降级运行): No module named 'pymilvus'
2026-03-05 19:43:02.450 | WARNING  | app.services.memory_service:_init_milvus:61 - Milvus初始化失败(服务降级运行): No module named 'pymilvus'
2026-03-05 19:43:02.695 | ERROR    | app.services.agent_service:chat:363 - AI Gateway调用失败: AI Gateway错误: 系统异常，请稍后重试
2026-03-05 19:43:02.709 | WARNING  | app.services.memory_service:_init_milvus:61 - Milvus初始化失败(服务降级运行): No module named 'pymilvus'
2026-03-05 19:43:03.712 | WARNING  | app.services.memory_service:_init_milvus:61 - Milvus初始化失败(服务降级运行): No module named 'pymilvus'
2026-03-05 19:43:03.713 | WARNING  | app.services.memory_service:_init_milvus:61 - Milvus初始化失败(服务降级运行): No module named 'pymilvus'
2026-03-05 19:43:03.906 | ERROR    | app.services.agent_service:chat:363 - AI Gateway调用失败: AI Gateway错误: 系统异常，请稍后重试
2026-03-05 19:43:03.910 | WARNING  | app.services.memory_service:_init_milvus:61 - Milvus初始化失败(服务降级运行): No module named 'pymilvus'
2026-03-05 19:43:04.929 | WARNING  | app.services.memory_service:_init_milvus:61 - Milvus初始化失败(服务降级运行): No module named 'pymilvus'
2026-03-05 19:43:04.930 | WARNING  | app.services.memory_service:_init_milvus:61 - Milvus初始化失败(服务降级运行): No module named 'pymilvus'
2026-03-05 19:43:05.138 | ERROR    | app.services.agent_service:chat:363 - AI Gateway调用失败: AI Gateway错误: 系统异常，请稍后重试
2026-03-05 19:43:05.143 | WARNING  | app.services.memory_service:_init_milvus:61 - Milvus初始化失败(服务降级运行): No module named 'pymilvus'
2026-03-05 19:43:12.749 | ERROR    | app.services.agent_service:get_speaking_assessment:734 - 口语评估失败: keys must be str, int, float, bool or None, not AssessmentDimension
2026-03-05 19:43:13.765 | ERROR    | app.services.agent_service:get_speaking_assessment:734 - 口语评估失败: keys must be str, int, float, bool or None, not AssessmentDimension
2026-03-05 19:43:14.781 | ERROR    | app.services.agent_service:get_speaking_assessment:734 - 口语评估失败: keys must be str, int, float, bool or None, not AssessmentDimension
2026-03-05 19:45:31.510 | INFO     | app.main:shutdown:76 - AI Service 关闭中...
